<?xml version="1.0" encoding="UTF-8"?>
<!-- Generated by org.testng.reporters.JUnitReportReporter -->
<testsuite name="package_Medinfi.TakeScreenshot" tests="1" time="31.335" ignored="0" failures="0" timestamp="15 Feb 2017 11:40:26 GMT" skipped="0" hostname="manju-PC" errors="0">
  <testcase name="f" time="31.335" classname="package_Medinfi.TakeScreenshot"/>
</testsuite> <!-- package_Medinfi.TakeScreenshot -->
