<?xml version="1.0" encoding="UTF-8"?>
<!-- Generated by org.testng.reporters.JUnitReportReporter -->
<testsuite name="package_Medinfi.UtilityClass" tests="1" time="19.919" ignored="0" failures="0" timestamp="16 Feb 2017 08:13:13 GMT" skipped="0" hostname="manju-PC" errors="0">
  <testcase name="f" time="19.919" classname="package_Medinfi.UtilityClass"/>
</testsuite> <!-- package_Medinfi.UtilityClass -->
