<?xml version="1.0" encoding="UTF-8"?>
<!-- Generated by org.testng.reporters.JUnitReportReporter -->
<testsuite name="com.sp.com.sp.testng.BeforeAfterAnnotationsDemo" tests="2" time="0.031" ignored="0" failures="0" timestamp="21 Feb 2017 12:32:58 GMT" skipped="0" hostname="manju-PC" errors="0">
  <testcase name="f2" time="0.003" classname="com.sp.com.sp.testng.BeforeAfterAnnotationsDemo"/>
  <testcase name="f1" time="0.028" classname="com.sp.com.sp.testng.BeforeAfterAnnotationsDemo"/>
</testsuite> <!-- com.sp.com.sp.testng.BeforeAfterAnnotationsDemo -->
