<?xml version="1.0" encoding="UTF-8"?>
<!-- Generated by org.testng.reporters.JUnitReportReporter -->
<testsuite name="com.Medinfi.Testcases.SearchByDoctor" tests="1" time="23.166" ignored="0" failures="0" timestamp="16 Feb 2017 13:45:15 GMT" skipped="0" hostname="manju-PC" errors="0">
  <testcase name="verifysearch" time="23.166" classname="com.Medinfi.Testcases.SearchByDoctor"/>
</testsuite> <!-- com.Medinfi.Testcases.SearchByDoctor -->
