<?xml version="1.0" encoding="UTF-8"?>
<!-- Generated by org.testng.reporters.JUnitReportReporter -->
<testsuite name="com.Medinfi.Testcases.Testcase_SearchByDoctor" tests="1" time="33.117" ignored="0" failures="0" timestamp="17 Feb 2017 11:12:13 GMT" skipped="0" hostname="manju-PC" errors="0">
  <testcase name="verifysearch" time="33.117" classname="com.Medinfi.Testcases.Testcase_SearchByDoctor"/>
</testsuite> <!-- com.Medinfi.Testcases.Testcase_SearchByDoctor -->
