<?xml version="1.0" encoding="UTF-8"?>
<!-- Generated by org.testng.reporters.JUnitReportReporter -->
<testsuite name="package_Medinfi.MedinfiMain" tests="1" time="26.477" ignored="0" failures="0" timestamp="15 Feb 2017 10:27:54 GMT" skipped="0" hostname="manju-PC" errors="0">
  <testcase name="f" time="26.477" classname="package_Medinfi.MedinfiMain"/>
</testsuite> <!-- package_Medinfi.MedinfiMain -->
